{
    "TimeStamp": "Friday 8th of May 2015 05:35:33 PM",
    "Description": "El controlador <b>home<\/b> no se pudo cargar.",
    "Exception": "El fichero <b>app\/controllers\/home.php<\/b> no existe.",
    "Trace": [
        {
            "file": "\/var\/www\/html\/core\/sys\/mvc_base\/Load.php",
            "line": 135,
            "function": "trace",
            "class": "BitPHP\\Sys\\Error",
            "type": "->",
            "args": [
                "El controlador <b>home<\/b> no se pudo cargar.",
                "El fichero <b>app\/controllers\/home.php<\/b> no existe.",
                false
            ]
        },
        {
            "file": "\/var\/www\/html\/core\/sys\/Mvc.php",
            "line": 23,
            "function": "controller",
            "class": "BitPHP\\Mvc\\Load",
            "type": "->",
            "args": [
                "home",
                "main"
            ]
        },
        {
            "file": "\/var\/www\/html\/index.php",
            "line": 4,
            "function": "run",
            "class": "BitPHP\\Apps\\Mvc",
            "type": "->",
            "args": [

            ]
        }
    ],
    "PrintTrace": false
}%/error/%